2023-10-12T09:21:28.421+05:30  INFO 8335 --- [restartedMain] com.flashfunds.FlashfundsApplication     : Starting FlashfundsApplication using Java 17.0.7 with PID 8335 (/home/ghost/Documents/workspace-spring-tool-suite-4-4.19.1.RELEASE/flashfunds/target/classes started by ghost in /home/ghost/Documents/workspace-spring-tool-suite-4-4.19.1.RELEASE/flashfunds)
2023-10-12T09:21:28.429+05:30  INFO 8335 --- [restartedMain] com.flashfunds.FlashfundsApplication     : No active profile set, falling back to 1 default profile: "default"
2023-10-12T09:21:28.512+05:30  INFO 8335 --- [restartedMain] .e.DevToolsPropertyDefaultsPostProcessor : Devtools property defaults active! Set 'spring.devtools.add-properties' to 'false' to disable
2023-10-12T09:21:28.516+05:30  INFO 8335 --- [restartedMain] .e.DevToolsPropertyDefaultsPostProcessor : For additional web related logging consider setting the 'logging.level.web' property to 'DEBUG'
2023-10-12T09:21:29.137+05:30  INFO 8335 --- [restartedMain] .s.d.r.c.RepositoryConfigurationDelegate : Bootstrapping Spring Data JPA repositories in DEFAULT mode.
2023-10-12T09:21:29.169+05:30  INFO 8335 --- [restartedMain] .s.d.r.c.RepositoryConfigurationDelegate : Finished Spring Data repository scanning in 28 ms. Found 3 JPA repository interfaces.
2023-10-12T09:21:29.452+05:30  INFO 8335 --- [restartedMain] o.s.b.w.embedded.tomcat.TomcatWebServer  : Tomcat initialized with port(s): 8080 (http)
2023-10-12T09:21:29.457+05:30  INFO 8335 --- [restartedMain] o.apache.catalina.core.StandardService   : Starting service [Tomcat]
2023-10-12T09:21:29.457+05:30  INFO 8335 --- [restartedMain] o.apache.catalina.core.StandardEngine    : Starting Servlet engine: [Apache Tomcat/10.1.13]
2023-10-12T09:21:29.483+05:30  INFO 8335 --- [restartedMain] o.a.c.c.C.[Tomcat].[localhost].[/]       : Initializing Spring embedded WebApplicationContext
2023-10-12T09:21:29.483+05:30  INFO 8335 --- [restartedMain] w.s.c.ServletWebServerApplicationContext : Root WebApplicationContext: initialization completed in 966 ms
2023-10-12T09:21:29.567+05:30  INFO 8335 --- [restartedMain] o.hibernate.jpa.internal.util.LogHelper  : HHH000204: Processing PersistenceUnitInfo [name: default]
2023-10-12T09:21:29.616+05:30  INFO 8335 --- [restartedMain] org.hibernate.Version                    : HHH000412: Hibernate ORM core version 6.2.9.Final
2023-10-12T09:21:29.618+05:30  INFO 8335 --- [restartedMain] org.hibernate.cfg.Environment            : HHH000406: Using bytecode reflection optimizer
2023-10-12T09:21:29.671+05:30  INFO 8335 --- [restartedMain] o.h.b.i.BytecodeProviderInitiator        : HHH000021: Bytecode provider name : bytebuddy
2023-10-12T09:21:29.714+05:30  INFO 8335 --- [restartedMain] o.s.o.j.p.SpringPersistenceUnitInfo      : No LoadTimeWeaver setup: ignoring JPA class transformer
2023-10-12T09:21:29.721+05:30  INFO 8335 --- [restartedMain] com.zaxxer.hikari.HikariDataSource       : HikariPool-1 - Starting...
2023-10-12T09:21:30.092+05:30  INFO 8335 --- [restartedMain] com.zaxxer.hikari.pool.HikariPool        : HikariPool-1 - Added connection com.mysql.cj.jdbc.ConnectionImpl@73e6ff50
2023-10-12T09:21:30.095+05:30  INFO 8335 --- [restartedMain] com.zaxxer.hikari.HikariDataSource       : HikariPool-1 - Start completed.
2023-10-12T09:21:30.136+05:30  WARN 8335 --- [restartedMain] org.hibernate.orm.deprecation            : HHH90000026: MySQL8Dialect has been deprecated; use org.hibernate.dialect.MySQLDialect instead
2023-10-12T09:21:30.258+05:30  INFO 8335 --- [restartedMain] o.h.b.i.BytecodeProviderInitiator        : HHH000021: Bytecode provider name : bytebuddy
2023-10-12T09:21:30.835+05:30  INFO 8335 --- [restartedMain] o.h.e.t.j.p.i.JtaPlatformInitiator       : HHH000490: Using JtaPlatform implementation: [org.hibernate.engine.transaction.jta.platform.internal.NoJtaPlatform]
2023-10-12T09:21:30.904+05:30  INFO 8335 --- [restartedMain] j.LocalContainerEntityManagerFactoryBean : Initialized JPA EntityManagerFactory for persistence unit 'default'
2023-10-12T09:21:31.313+05:30  WARN 8335 --- [restartedMain] JpaBaseConfiguration$JpaWebConfiguration : spring.jpa.open-in-view is enabled by default. Therefore, database queries may be performed during view rendering. Explicitly configure spring.jpa.open-in-view to disable this warning
2023-10-12T09:21:31.542+05:30  INFO 8335 --- [restartedMain] o.s.s.web.DefaultSecurityFilterChain     : Will secure any request with [org.springframework.security.web.session.DisableEncodeUrlFilter@785737e1, org.springframework.security.web.context.request.async.WebAsyncManagerIntegrationFilter@526d70cf, org.springframework.security.web.context.SecurityContextHolderFilter@1c1443ea, org.springframework.security.web.header.HeaderWriterFilter@3a0b828f, org.springframework.web.filter.CorsFilter@5eb9e024, org.springframework.security.web.authentication.logout.LogoutFilter@bfd9aac, com.flashfunds.config.JwtAuthenticationFilter@24d80e34, org.springframework.security.web.savedrequest.RequestCacheAwareFilter@523ed5b2, org.springframework.security.web.servletapi.SecurityContextHolderAwareRequestFilter@7ab3c59e, org.springframework.security.web.authentication.AnonymousAuthenticationFilter@1a40041c, org.springframework.security.web.session.SessionManagementFilter@64e6f12f, org.springframework.security.web.access.ExceptionTranslationFilter@3877af4b, org.springframework.security.web.access.intercept.AuthorizationFilter@135738fc]
2023-10-12T09:21:31.754+05:30  INFO 8335 --- [restartedMain] o.s.b.d.a.OptionalLiveReloadServer       : LiveReload server is running on port 35729
2023-10-12T09:21:31.789+05:30  INFO 8335 --- [restartedMain] o.s.b.w.embedded.tomcat.TomcatWebServer  : Tomcat started on port(s): 8080 (http) with context path ''
2023-10-12T09:21:31.799+05:30  INFO 8335 --- [restartedMain] com.flashfunds.FlashfundsApplication     : Started FlashfundsApplication in 3.862 seconds (process running for 4.55)
2023-10-12T10:26:17.713+05:30  INFO 8335 --- [http-nio-8080-exec-2] o.a.c.c.C.[Tomcat].[localhost].[/]       : Initializing Spring DispatcherServlet 'dispatcherServlet'
2023-10-12T10:26:17.713+05:30  INFO 8335 --- [http-nio-8080-exec-2] o.s.web.servlet.DispatcherServlet        : Initializing Servlet 'dispatcherServlet'
2023-10-12T10:26:17.715+05:30  INFO 8335 --- [http-nio-8080-exec-2] o.s.web.servlet.DispatcherServlet        : Completed initialization in 2 ms
2023-10-12T10:26:17.723+05:30 DEBUG 8335 --- [http-nio-8080-exec-2] o.s.security.web.FilterChainProxy        : Securing GET /api/v1/user/loan/getloans
2023-10-12T10:26:17.733+05:30 DEBUG 8335 --- [http-nio-8080-exec-2] o.s.s.w.a.AnonymousAuthenticationFilter  : Set SecurityContextHolder to anonymous SecurityContext
2023-10-12T10:26:17.747+05:30 DEBUG 8335 --- [http-nio-8080-exec-2] o.s.s.w.a.Http403ForbiddenEntryPoint     : Pre-authenticated entry point called. Rejecting access
2023-10-12T10:26:17.753+05:30 DEBUG 8335 --- [http-nio-8080-exec-2] o.s.security.web.FilterChainProxy        : Securing GET /error
2023-10-12T10:26:17.757+05:30 DEBUG 8335 --- [http-nio-8080-exec-2] o.s.s.w.a.AnonymousAuthenticationFilter  : Set SecurityContextHolder to anonymous SecurityContext
2023-10-12T10:26:17.757+05:30 DEBUG 8335 --- [http-nio-8080-exec-2] o.s.s.w.a.Http403ForbiddenEntryPoint     : Pre-authenticated entry point called. Rejecting access
2023-10-12T10:26:36.265+05:30 DEBUG 8335 --- [http-nio-8080-exec-3] o.s.security.web.FilterChainProxy        : Securing POST /api/v1/auth/signin
2023-10-12T10:26:36.265+05:30 DEBUG 8335 --- [http-nio-8080-exec-3] o.s.s.w.a.AnonymousAuthenticationFilter  : Set SecurityContextHolder to anonymous SecurityContext
2023-10-12T10:26:36.270+05:30 DEBUG 8335 --- [http-nio-8080-exec-3] o.s.security.web.FilterChainProxy        : Secured POST /api/v1/auth/signin
2023-10-12T10:26:36.279+05:30 DEBUG 8335 --- [http-nio-8080-exec-3] o.s.security.web.FilterChainProxy        : Securing POST /error
2023-10-12T10:26:36.280+05:30 DEBUG 8335 --- [http-nio-8080-exec-3] o.s.s.w.a.AnonymousAuthenticationFilter  : Set SecurityContextHolder to anonymous SecurityContext
2023-10-12T10:26:36.281+05:30 DEBUG 8335 --- [http-nio-8080-exec-3] o.s.s.w.a.Http403ForbiddenEntryPoint     : Pre-authenticated entry point called. Rejecting access
2023-10-12T10:30:40.704+05:30 DEBUG 8335 --- [http-nio-8080-exec-6] o.s.security.web.FilterChainProxy        : Securing POST /api/v1/auth/register
2023-10-12T10:30:40.705+05:30 DEBUG 8335 --- [http-nio-8080-exec-6] o.s.s.w.a.AnonymousAuthenticationFilter  : Set SecurityContextHolder to anonymous SecurityContext
2023-10-12T10:30:40.705+05:30 DEBUG 8335 --- [http-nio-8080-exec-6] o.s.security.web.FilterChainProxy        : Secured POST /api/v1/auth/register
2023-10-12T10:31:18.521+05:30 DEBUG 8335 --- [http-nio-8080-exec-7] o.s.security.web.FilterChainProxy        : Securing POST /api/v1/auth/login
2023-10-12T10:31:18.569+05:30 ERROR 8335 --- [http-nio-8080-exec-7] o.a.c.c.C.[.[.[/].[dispatcherServlet]    : Servlet.service() for servlet [dispatcherServlet] in context with path [] threw exception

io.jsonwebtoken.ExpiredJwtException: JWT expired at 2023-10-10T07:14:39Z. Current time: 2023-10-12T05:01:18Z, a difference of 164799568 milliseconds.  Allowed clock skew: 0 milliseconds.
	at io.jsonwebtoken.impl.DefaultJwtParser.parse(DefaultJwtParser.java:427) ~[jjwt-impl-0.11.5.jar:0.11.5]
	at io.jsonwebtoken.impl.DefaultJwtParser.parse(DefaultJwtParser.java:529) ~[jjwt-impl-0.11.5.jar:0.11.5]
	at io.jsonwebtoken.impl.DefaultJwtParser.parseClaimsJws(DefaultJwtParser.java:589) ~[jjwt-impl-0.11.5.jar:0.11.5]
	at io.jsonwebtoken.impl.ImmutableJwtParser.parseClaimsJws(ImmutableJwtParser.java:173) ~[jjwt-impl-0.11.5.jar:0.11.5]
	at com.flashfunds.util.JwtUtil.extractAllClaims(JwtUtil.java:40) ~[classes/:na]
	at com.flashfunds.util.JwtUtil.extractClaim(JwtUtil.java:31) ~[classes/:na]
	at com.flashfunds.util.JwtUtil.extractUserEmail(JwtUtil.java:27) ~[classes/:na]
	at com.flashfunds.config.JwtAuthenticationFilter.doFilterInternal(JwtAuthenticationFilter.java:40) ~[classes/:na]
	at org.springframework.web.filter.OncePerRequestFilter.doFilter(OncePerRequestFilter.java:116) ~[spring-web-6.0.12.jar:6.0.12]
	at org.springframework.security.web.FilterChainProxy$VirtualFilterChain.doFilter(FilterChainProxy.java:374) ~[spring-security-web-6.1.4.jar:6.1.4]
	at org.springframework.security.web.authentication.logout.LogoutFilter.doFilter(LogoutFilter.java:107) ~[spring-security-web-6.1.4.jar:6.1.4]
	at org.springframework.security.web.authentication.logout.LogoutFilter.doFilter(LogoutFilter.java:93) ~[spring-security-web-6.1.4.jar:6.1.4]
	at org.springframework.security.web.FilterChainProxy$VirtualFilterChain.doFilter(FilterChainProxy.java:374) ~[spring-security-web-6.1.4.jar:6.1.4]
	at org.springframework.web.filter.CorsFilter.doFilterInternal(CorsFilter.java:91) ~[spring-web-6.0.12.jar:6.0.12]
	at org.springframework.web.filter.OncePerRequestFilter.doFilter(OncePerRequestFilter.java:116) ~[spring-web-6.0.12.jar:6.0.12]
	at org.springframework.security.web.FilterChainProxy$VirtualFilterChain.doFilter(FilterChainProxy.java:374) ~[spring-security-web-6.1.4.jar:6.1.4]
	at org.springframework.security.web.header.HeaderWriterFilter.doHeadersAfter(HeaderWriterFilter.java:90) ~[spring-security-web-6.1.4.jar:6.1.4]
	at org.springframework.security.web.header.HeaderWriterFilter.doFilterInternal(HeaderWriterFilter.java:75) ~[spring-security-web-6.1.4.jar:6.1.4]
	at org.springframework.web.filter.OncePerRequestFilter.doFilter(OncePerRequestFilter.java:116) ~[spring-web-6.0.12.jar:6.0.12]
	at org.springframework.security.web.FilterChainProxy$VirtualFilterChain.doFilter(FilterChainProxy.java:374) ~[spring-security-web-6.1.4.jar:6.1.4]
	at org.springframework.security.web.context.SecurityContextHolderFilter.doFilter(SecurityContextHolderFilter.java:82) ~[spring-security-web-6.1.4.jar:6.1.4]
	at org.springframework.security.web.context.SecurityContextHolderFilter.doFilter(SecurityContextHolderFilter.java:69) ~[spring-security-web-6.1.4.jar:6.1.4]
	at org.springframework.security.web.FilterChainProxy$VirtualFilterChain.doFilter(FilterChainProxy.java:374) ~[spring-security-web-6.1.4.jar:6.1.4]
	at org.springframework.security.web.context.request.async.WebAsyncManagerIntegrationFilter.doFilterInternal(WebAsyncManagerIntegrationFilter.java:62) ~[spring-security-web-6.1.4.jar:6.1.4]
	at org.springframework.web.filter.OncePerRequestFilter.doFilter(OncePerRequestFilter.java:116) ~[spring-web-6.0.12.jar:6.0.12]
	at org.springframework.security.web.FilterChainProxy$VirtualFilterChain.doFilter(FilterChainProxy.java:374) ~[spring-security-web-6.1.4.jar:6.1.4]
	at org.springframework.security.web.session.DisableEncodeUrlFilter.doFilterInternal(DisableEncodeUrlFilter.java:42) ~[spring-security-web-6.1.4.jar:6.1.4]
	at org.springframework.web.filter.OncePerRequestFilter.doFilter(OncePerRequestFilter.java:116) ~[spring-web-6.0.12.jar:6.0.12]
	at org.springframework.security.web.FilterChainProxy$VirtualFilterChain.doFilter(FilterChainProxy.java:374) ~[spring-security-web-6.1.4.jar:6.1.4]
	at org.springframework.security.web.FilterChainProxy.doFilterInternal(FilterChainProxy.java:233) ~[spring-security-web-6.1.4.jar:6.1.4]
	at org.springframework.security.web.FilterChainProxy.doFilter(FilterChainProxy.java:191) ~[spring-security-web-6.1.4.jar:6.1.4]
	at org.springframework.web.filter.DelegatingFilterProxy.invokeDelegate(DelegatingFilterProxy.java:352) ~[spring-web-6.0.12.jar:6.0.12]
	at org.springframework.web.filter.DelegatingFilterProxy.doFilter(DelegatingFilterProxy.java:268) ~[spring-web-6.0.12.jar:6.0.12]
	at org.apache.catalina.core.ApplicationFilterChain.internalDoFilter(ApplicationFilterChain.java:174) ~[tomcat-embed-core-10.1.13.jar:10.1.13]
	at org.apache.catalina.core.ApplicationFilterChain.doFilter(ApplicationFilterChain.java:149) ~[tomcat-embed-core-10.1.13.jar:10.1.13]
	at org.springframework.web.filter.RequestContextFilter.doFilterInternal(RequestContextFilter.java:100) ~[spring-web-6.0.12.jar:6.0.12]
	at org.springframework.web.filter.OncePerRequestFilter.doFilter(OncePerRequestFilter.java:116) ~[spring-web-6.0.12.jar:6.0.12]
	at org.apache.catalina.core.ApplicationFilterChain.internalDoFilter(ApplicationFilterChain.java:174) ~[tomcat-embed-core-10.1.13.jar:10.1.13]
	at org.apache.catalina.core.ApplicationFilterChain.doFilter(ApplicationFilterChain.java:149) ~[tomcat-embed-core-10.1.13.jar:10.1.13]
	at org.springframework.web.filter.FormContentFilter.doFilterInternal(FormContentFilter.java:93) ~[spring-web-6.0.12.jar:6.0.12]
	at org.springframework.web.filter.OncePerRequestFilter.doFilter(OncePerRequestFilter.java:116) ~[spring-web-6.0.12.jar:6.0.12]
	at org.apache.catalina.core.ApplicationFilterChain.internalDoFilter(ApplicationFilterChain.java:174) ~[tomcat-embed-core-10.1.13.jar:10.1.13]
	at org.apache.catalina.core.ApplicationFilterChain.doFilter(ApplicationFilterChain.java:149) ~[tomcat-embed-core-10.1.13.jar:10.1.13]
	at org.springframework.web.filter.CharacterEncodingFilter.doFilterInternal(CharacterEncodingFilter.java:201) ~[spring-web-6.0.12.jar:6.0.12]
	at org.springframework.web.filter.OncePerRequestFilter.doFilter(OncePerRequestFilter.java:116) ~[spring-web-6.0.12.jar:6.0.12]
	at org.apache.catalina.core.ApplicationFilterChain.internalDoFilter(ApplicationFilterChain.java:174) ~[tomcat-embed-core-10.1.13.jar:10.1.13]
	at org.apache.catalina.core.ApplicationFilterChain.doFilter(ApplicationFilterChain.java:149) ~[tomcat-embed-core-10.1.13.jar:10.1.13]
	at org.apache.catalina.core.StandardWrapperValve.invoke(StandardWrapperValve.java:167) ~[tomcat-embed-core-10.1.13.jar:10.1.13]
	at org.apache.catalina.core.StandardContextValve.invoke(StandardContextValve.java:90) ~[tomcat-embed-core-10.1.13.jar:10.1.13]
	at org.apache.catalina.authenticator.AuthenticatorBase.invoke(AuthenticatorBase.java:482) ~[tomcat-embed-core-10.1.13.jar:10.1.13]
	at org.apache.catalina.core.StandardHostValve.invoke(StandardHostValve.java:115) ~[tomcat-embed-core-10.1.13.jar:10.1.13]
	at org.apache.catalina.valves.ErrorReportValve.invoke(ErrorReportValve.java:93) ~[tomcat-embed-core-10.1.13.jar:10.1.13]
	at org.apache.catalina.core.StandardEngineValve.invoke(StandardEngineValve.java:74) ~[tomcat-embed-core-10.1.13.jar:10.1.13]
	at org.apache.catalina.connector.CoyoteAdapter.service(CoyoteAdapter.java:341) ~[tomcat-embed-core-10.1.13.jar:10.1.13]
	at org.apache.coyote.http11.Http11Processor.service(Http11Processor.java:391) ~[tomcat-embed-core-10.1.13.jar:10.1.13]
	at org.apache.coyote.AbstractProcessorLight.process(AbstractProcessorLight.java:63) ~[tomcat-embed-core-10.1.13.jar:10.1.13]
	at org.apache.coyote.AbstractProtocol$ConnectionHandler.process(AbstractProtocol.java:894) ~[tomcat-embed-core-10.1.13.jar:10.1.13]
	at org.apache.tomcat.util.net.NioEndpoint$SocketProcessor.doRun(NioEndpoint.java:1740) ~[tomcat-embed-core-10.1.13.jar:10.1.13]
	at org.apache.tomcat.util.net.SocketProcessorBase.run(SocketProcessorBase.java:52) ~[tomcat-embed-core-10.1.13.jar:10.1.13]
	at org.apache.tomcat.util.threads.ThreadPoolExecutor.runWorker(ThreadPoolExecutor.java:1191) ~[tomcat-embed-core-10.1.13.jar:10.1.13]
	at org.apache.tomcat.util.threads.ThreadPoolExecutor$Worker.run(ThreadPoolExecutor.java:659) ~[tomcat-embed-core-10.1.13.jar:10.1.13]
	at org.apache.tomcat.util.threads.TaskThread$WrappingRunnable.run(TaskThread.java:61) ~[tomcat-embed-core-10.1.13.jar:10.1.13]
	at java.base/java.lang.Thread.run(Thread.java:833) ~[na:na]

2023-10-12T10:31:18.574+05:30 DEBUG 8335 --- [http-nio-8080-exec-7] o.s.security.web.FilterChainProxy        : Securing POST /error
2023-10-12T10:31:18.574+05:30 DEBUG 8335 --- [http-nio-8080-exec-7] o.s.s.w.a.AnonymousAuthenticationFilter  : Set SecurityContextHolder to anonymous SecurityContext
2023-10-12T10:31:18.575+05:30 DEBUG 8335 --- [http-nio-8080-exec-7] o.s.s.w.a.Http403ForbiddenEntryPoint     : Pre-authenticated entry point called. Rejecting access
2023-10-12T10:33:09.861+05:30 DEBUG 8335 --- [http-nio-8080-exec-9] o.s.security.web.FilterChainProxy        : Securing POST /api/v1/auth/register
2023-10-12T10:33:09.861+05:30 DEBUG 8335 --- [http-nio-8080-exec-9] o.s.s.w.a.AnonymousAuthenticationFilter  : Set SecurityContextHolder to anonymous SecurityContext
2023-10-12T10:33:09.862+05:30 DEBUG 8335 --- [http-nio-8080-exec-9] o.s.security.web.FilterChainProxy        : Secured POST /api/v1/auth/register
2023-10-12T10:33:26.271+05:30 DEBUG 8335 --- [http-nio-8080-exec-1] o.s.security.web.FilterChainProxy        : Securing POST /api/v1/auth/login
2023-10-12T10:33:26.272+05:30 DEBUG 8335 --- [http-nio-8080-exec-1] o.s.s.w.a.AnonymousAuthenticationFilter  : Set SecurityContextHolder to anonymous SecurityContext
2023-10-12T10:33:26.273+05:30 DEBUG 8335 --- [http-nio-8080-exec-1] o.s.security.web.FilterChainProxy        : Secured POST /api/v1/auth/login
2023-10-12T10:33:26.507+05:30 DEBUG 8335 --- [http-nio-8080-exec-1] o.s.s.a.dao.DaoAuthenticationProvider    : Authenticated user
2023-10-12T10:33:45.110+05:30 DEBUG 8335 --- [http-nio-8080-exec-2] o.s.security.web.FilterChainProxy        : Securing GET /api/v1/user/loan/getloans
2023-10-12T10:33:45.126+05:30 DEBUG 8335 --- [http-nio-8080-exec-2] o.s.security.web.FilterChainProxy        : Secured GET /api/v1/user/loan/getloans
2023-10-12T10:38:05.038+05:30 DEBUG 8335 --- [http-nio-8080-exec-4] o.s.security.web.FilterChainProxy        : Securing OPTIONS /api/v1/auth/login
2023-10-12T10:38:05.047+05:30 DEBUG 8335 --- [http-nio-8080-exec-5] o.s.security.web.FilterChainProxy        : Securing POST /api/v1/auth/login
2023-10-12T10:38:05.049+05:30 DEBUG 8335 --- [http-nio-8080-exec-5] o.s.s.w.a.AnonymousAuthenticationFilter  : Set SecurityContextHolder to anonymous SecurityContext
2023-10-12T10:38:05.050+05:30 DEBUG 8335 --- [http-nio-8080-exec-5] o.s.security.web.FilterChainProxy        : Secured POST /api/v1/auth/login
2023-10-12T10:38:05.214+05:30 DEBUG 8335 --- [http-nio-8080-exec-5] o.s.s.a.dao.DaoAuthenticationProvider    : Failed to authenticate since password does not match stored value
2023-10-12T10:38:05.219+05:30 DEBUG 8335 --- [http-nio-8080-exec-5] o.s.s.w.a.Http403ForbiddenEntryPoint     : Pre-authenticated entry point called. Rejecting access
2023-10-12T10:38:05.220+05:30 DEBUG 8335 --- [http-nio-8080-exec-5] o.s.security.web.FilterChainProxy        : Securing POST /error
2023-10-12T10:38:05.221+05:30 DEBUG 8335 --- [http-nio-8080-exec-5] o.s.s.w.a.AnonymousAuthenticationFilter  : Set SecurityContextHolder to anonymous SecurityContext
2023-10-12T10:38:05.221+05:30 DEBUG 8335 --- [http-nio-8080-exec-5] o.s.s.w.a.Http403ForbiddenEntryPoint     : Pre-authenticated entry point called. Rejecting access
2023-10-12T10:43:32.126+05:30 DEBUG 8335 --- [http-nio-8080-exec-7] o.s.security.web.FilterChainProxy        : Securing OPTIONS /api/v1/auth/login
2023-10-12T10:43:32.131+05:30 DEBUG 8335 --- [http-nio-8080-exec-8] o.s.security.web.FilterChainProxy        : Securing POST /api/v1/auth/login
2023-10-12T10:43:32.132+05:30 DEBUG 8335 --- [http-nio-8080-exec-8] o.s.s.w.a.AnonymousAuthenticationFilter  : Set SecurityContextHolder to anonymous SecurityContext
2023-10-12T10:43:32.132+05:30 DEBUG 8335 --- [http-nio-8080-exec-8] o.s.security.web.FilterChainProxy        : Secured POST /api/v1/auth/login
2023-10-12T10:43:32.285+05:30 DEBUG 8335 --- [http-nio-8080-exec-8] o.s.s.a.dao.DaoAuthenticationProvider    : Failed to authenticate since password does not match stored value
2023-10-12T10:43:32.287+05:30 DEBUG 8335 --- [http-nio-8080-exec-8] o.s.s.w.a.Http403ForbiddenEntryPoint     : Pre-authenticated entry point called. Rejecting access
2023-10-12T10:43:32.287+05:30 DEBUG 8335 --- [http-nio-8080-exec-8] o.s.security.web.FilterChainProxy        : Securing POST /error
2023-10-12T10:43:32.288+05:30 DEBUG 8335 --- [http-nio-8080-exec-8] o.s.s.w.a.AnonymousAuthenticationFilter  : Set SecurityContextHolder to anonymous SecurityContext
2023-10-12T10:43:32.288+05:30 DEBUG 8335 --- [http-nio-8080-exec-8] o.s.s.w.a.Http403ForbiddenEntryPoint     : Pre-authenticated entry point called. Rejecting access
2023-10-12T10:43:38.921+05:30 DEBUG 8335 --- [http-nio-8080-exec-10] o.s.security.web.FilterChainProxy        : Securing OPTIONS /api/v1/auth/login
2023-10-12T10:43:38.925+05:30 DEBUG 8335 --- [http-nio-8080-exec-9] o.s.security.web.FilterChainProxy        : Securing POST /api/v1/auth/login
2023-10-12T10:43:38.926+05:30 DEBUG 8335 --- [http-nio-8080-exec-9] o.s.s.w.a.AnonymousAuthenticationFilter  : Set SecurityContextHolder to anonymous SecurityContext
2023-10-12T10:43:38.926+05:30 DEBUG 8335 --- [http-nio-8080-exec-9] o.s.security.web.FilterChainProxy        : Secured POST /api/v1/auth/login
2023-10-12T10:43:39.091+05:30 DEBUG 8335 --- [http-nio-8080-exec-9] o.s.s.a.dao.DaoAuthenticationProvider    : Failed to authenticate since password does not match stored value
2023-10-12T10:43:39.093+05:30 DEBUG 8335 --- [http-nio-8080-exec-9] o.s.s.w.a.Http403ForbiddenEntryPoint     : Pre-authenticated entry point called. Rejecting access
2023-10-12T10:43:39.094+05:30 DEBUG 8335 --- [http-nio-8080-exec-9] o.s.security.web.FilterChainProxy        : Securing POST /error
2023-10-12T10:43:39.095+05:30 DEBUG 8335 --- [http-nio-8080-exec-9] o.s.s.w.a.AnonymousAuthenticationFilter  : Set SecurityContextHolder to anonymous SecurityContext
2023-10-12T10:43:39.095+05:30 DEBUG 8335 --- [http-nio-8080-exec-9] o.s.s.w.a.Http403ForbiddenEntryPoint     : Pre-authenticated entry point called. Rejecting access
2023-10-12T10:44:02.774+05:30 DEBUG 8335 --- [http-nio-8080-exec-1] o.s.security.web.FilterChainProxy        : Securing OPTIONS /api/v1/auth/register
2023-10-12T10:44:02.779+05:30 DEBUG 8335 --- [http-nio-8080-exec-2] o.s.security.web.FilterChainProxy        : Securing POST /api/v1/auth/register
2023-10-12T10:44:02.779+05:30 DEBUG 8335 --- [http-nio-8080-exec-2] o.s.s.w.a.AnonymousAuthenticationFilter  : Set SecurityContextHolder to anonymous SecurityContext
2023-10-12T10:44:02.780+05:30 DEBUG 8335 --- [http-nio-8080-exec-2] o.s.security.web.FilterChainProxy        : Secured POST /api/v1/auth/register
2023-10-12T10:44:11.124+05:30 DEBUG 8335 --- [http-nio-8080-exec-3] o.s.security.web.FilterChainProxy        : Securing OPTIONS /api/v1/auth/login
2023-10-12T10:44:11.128+05:30 DEBUG 8335 --- [http-nio-8080-exec-4] o.s.security.web.FilterChainProxy        : Securing POST /api/v1/auth/login
2023-10-12T10:44:11.129+05:30 DEBUG 8335 --- [http-nio-8080-exec-4] o.s.s.w.a.AnonymousAuthenticationFilter  : Set SecurityContextHolder to anonymous SecurityContext
2023-10-12T10:44:11.129+05:30 DEBUG 8335 --- [http-nio-8080-exec-4] o.s.security.web.FilterChainProxy        : Secured POST /api/v1/auth/login
2023-10-12T10:44:11.289+05:30 DEBUG 8335 --- [http-nio-8080-exec-4] o.s.s.a.dao.DaoAuthenticationProvider    : Authenticated user
2023-10-12T10:45:19.460+05:30 DEBUG 8335 --- [http-nio-8080-exec-6] o.s.security.web.FilterChainProxy        : Securing GET /api/v1/user/loan/getloans
2023-10-12T10:45:19.461+05:30 DEBUG 8335 --- [http-nio-8080-exec-6] o.s.s.w.a.AnonymousAuthenticationFilter  : Set SecurityContextHolder to anonymous SecurityContext
2023-10-12T10:45:19.462+05:30 DEBUG 8335 --- [http-nio-8080-exec-6] o.s.s.w.a.Http403ForbiddenEntryPoint     : Pre-authenticated entry point called. Rejecting access
2023-10-12T10:45:19.462+05:30 DEBUG 8335 --- [http-nio-8080-exec-6] o.s.security.web.FilterChainProxy        : Securing GET /error
2023-10-12T10:45:19.463+05:30 DEBUG 8335 --- [http-nio-8080-exec-6] o.s.s.w.a.AnonymousAuthenticationFilter  : Set SecurityContextHolder to anonymous SecurityContext
2023-10-12T10:45:19.463+05:30 DEBUG 8335 --- [http-nio-8080-exec-6] o.s.s.w.a.Http403ForbiddenEntryPoint     : Pre-authenticated entry point called. Rejecting access
2023-10-12T10:45:22.219+05:30 DEBUG 8335 --- [http-nio-8080-exec-7] o.s.security.web.FilterChainProxy        : Securing GET /api/v1/user/loan/getloans
2023-10-12T10:45:22.220+05:30 DEBUG 8335 --- [http-nio-8080-exec-7] o.s.s.w.a.AnonymousAuthenticationFilter  : Set SecurityContextHolder to anonymous SecurityContext
2023-10-12T10:45:22.221+05:30 DEBUG 8335 --- [http-nio-8080-exec-7] o.s.s.w.a.Http403ForbiddenEntryPoint     : Pre-authenticated entry point called. Rejecting access
2023-10-12T10:45:22.222+05:30 DEBUG 8335 --- [http-nio-8080-exec-7] o.s.security.web.FilterChainProxy        : Securing GET /error
2023-10-12T10:45:22.223+05:30 DEBUG 8335 --- [http-nio-8080-exec-7] o.s.s.w.a.AnonymousAuthenticationFilter  : Set SecurityContextHolder to anonymous SecurityContext
2023-10-12T10:45:22.223+05:30 DEBUG 8335 --- [http-nio-8080-exec-7] o.s.s.w.a.Http403ForbiddenEntryPoint     : Pre-authenticated entry point called. Rejecting access
2023-10-12T10:45:23.193+05:30 DEBUG 8335 --- [http-nio-8080-exec-8] o.s.security.web.FilterChainProxy        : Securing GET /api/v1/user/loan/getloans
2023-10-12T10:45:23.194+05:30 DEBUG 8335 --- [http-nio-8080-exec-8] o.s.s.w.a.AnonymousAuthenticationFilter  : Set SecurityContextHolder to anonymous SecurityContext
2023-10-12T10:45:23.194+05:30 DEBUG 8335 --- [http-nio-8080-exec-8] o.s.s.w.a.Http403ForbiddenEntryPoint     : Pre-authenticated entry point called. Rejecting access
2023-10-12T10:45:23.195+05:30 DEBUG 8335 --- [http-nio-8080-exec-8] o.s.security.web.FilterChainProxy        : Securing GET /error
2023-10-12T10:45:23.196+05:30 DEBUG 8335 --- [http-nio-8080-exec-8] o.s.s.w.a.AnonymousAuthenticationFilter  : Set SecurityContextHolder to anonymous SecurityContext
2023-10-12T10:45:23.196+05:30 DEBUG 8335 --- [http-nio-8080-exec-8] o.s.s.w.a.Http403ForbiddenEntryPoint     : Pre-authenticated entry point called. Rejecting access
2023-10-12T10:45:37.253+05:30 DEBUG 8335 --- [http-nio-8080-exec-10] o.s.security.web.FilterChainProxy        : Securing OPTIONS /api/v1/user/loan/getloans
2023-10-12T10:45:37.260+05:30 DEBUG 8335 --- [http-nio-8080-exec-9] o.s.security.web.FilterChainProxy        : Securing GET /api/v1/user/loan/getloans
2023-10-12T10:45:37.273+05:30 DEBUG 8335 --- [http-nio-8080-exec-9] o.s.security.web.FilterChainProxy        : Secured GET /api/v1/user/loan/getloans
2023-10-12T10:46:40.595+05:30 DEBUG 8335 --- [http-nio-8080-exec-2] o.s.security.web.FilterChainProxy        : Securing OPTIONS /api/v1/user/loan/postloan
2023-10-12T10:46:40.599+05:30 DEBUG 8335 --- [http-nio-8080-exec-3] o.s.security.web.FilterChainProxy        : Securing POST /api/v1/user/loan/postloan
2023-10-12T10:46:40.610+05:30 DEBUG 8335 --- [http-nio-8080-exec-3] o.s.security.web.FilterChainProxy        : Secured POST /api/v1/user/loan/postloan
2023-10-12T10:46:47.935+05:30 DEBUG 8335 --- [http-nio-8080-exec-4] o.s.security.web.FilterChainProxy        : Securing OPTIONS /api/v1/user/loan/getloans
2023-10-12T10:46:47.939+05:30 DEBUG 8335 --- [http-nio-8080-exec-5] o.s.security.web.FilterChainProxy        : Securing GET /api/v1/user/loan/getloans
2023-10-12T10:46:47.951+05:30 DEBUG 8335 --- [http-nio-8080-exec-5] o.s.security.web.FilterChainProxy        : Secured GET /api/v1/user/loan/getloans
2023-10-12T10:47:17.050+05:30 DEBUG 8335 --- [http-nio-8080-exec-6] o.s.security.web.FilterChainProxy        : Securing OPTIONS /api/v1/user/loan/getloans
2023-10-12T10:47:17.054+05:30 DEBUG 8335 --- [http-nio-8080-exec-7] o.s.security.web.FilterChainProxy        : Securing GET /api/v1/user/loan/getloans
2023-10-12T10:47:17.065+05:30 DEBUG 8335 --- [http-nio-8080-exec-7] o.s.security.web.FilterChainProxy        : Secured GET /api/v1/user/loan/getloans
2023-10-12T10:47:18.963+05:30 DEBUG 8335 --- [http-nio-8080-exec-8] o.s.security.web.FilterChainProxy        : Securing GET /api/v1/user/loan/getloans
2023-10-12T10:47:18.973+05:30 DEBUG 8335 --- [http-nio-8080-exec-8] o.s.security.web.FilterChainProxy        : Secured GET /api/v1/user/loan/getloans
2023-10-12T10:48:09.035+05:30 DEBUG 8335 --- [http-nio-8080-exec-10] o.s.security.web.FilterChainProxy        : Securing OPTIONS /api/v1/user/loan/getloans
2023-10-12T10:48:09.039+05:30 DEBUG 8335 --- [http-nio-8080-exec-9] o.s.security.web.FilterChainProxy        : Securing GET /api/v1/user/loan/getloans
2023-10-12T10:48:09.047+05:30 DEBUG 8335 --- [http-nio-8080-exec-9] o.s.security.web.FilterChainProxy        : Secured GET /api/v1/user/loan/getloans
2023-10-12T10:48:18.902+05:30 DEBUG 8335 --- [http-nio-8080-exec-1] o.s.security.web.FilterChainProxy        : Securing OPTIONS /api/v1/user/loan/getloans
2023-10-12T10:48:18.908+05:30 DEBUG 8335 --- [http-nio-8080-exec-2] o.s.security.web.FilterChainProxy        : Securing GET /api/v1/user/loan/getloans
2023-10-12T10:48:18.921+05:30 DEBUG 8335 --- [http-nio-8080-exec-2] o.s.security.web.FilterChainProxy        : Secured GET /api/v1/user/loan/getloans
2023-10-12T10:51:24.451+05:30 DEBUG 8335 --- [http-nio-8080-exec-4] o.s.security.web.FilterChainProxy        : Securing OPTIONS /api/v1/user/loan/getloans
2023-10-12T10:51:24.455+05:30 DEBUG 8335 --- [http-nio-8080-exec-5] o.s.security.web.FilterChainProxy        : Securing GET /api/v1/user/loan/getloans
2023-10-12T10:51:24.463+05:30 DEBUG 8335 --- [http-nio-8080-exec-5] o.s.security.web.FilterChainProxy        : Secured GET /api/v1/user/loan/getloans
2023-10-12T10:53:03.222+05:30 DEBUG 8335 --- [http-nio-8080-exec-7] o.s.security.web.FilterChainProxy        : Securing OPTIONS /api/v1/user/loan/getloans
2023-10-12T10:53:03.226+05:30 DEBUG 8335 --- [http-nio-8080-exec-8] o.s.security.web.FilterChainProxy        : Securing GET /api/v1/user/loan/getloans
2023-10-12T10:53:03.231+05:30 DEBUG 8335 --- [http-nio-8080-exec-8] o.s.security.web.FilterChainProxy        : Secured GET /api/v1/user/loan/getloans
2023-10-12T10:53:17.131+05:30 DEBUG 8335 --- [http-nio-8080-exec-10] o.s.security.web.FilterChainProxy        : Securing OPTIONS /api/v1/user/loan/getloans
2023-10-12T10:53:17.137+05:30 DEBUG 8335 --- [http-nio-8080-exec-9] o.s.security.web.FilterChainProxy        : Securing GET /api/v1/user/loan/getloans
2023-10-12T10:53:17.151+05:30 DEBUG 8335 --- [http-nio-8080-exec-9] o.s.security.web.FilterChainProxy        : Secured GET /api/v1/user/loan/getloans
2023-10-12T10:55:19.934+05:30 DEBUG 8335 --- [http-nio-8080-exec-2] o.s.security.web.FilterChainProxy        : Securing OPTIONS /api/v1/user/loan/getloans
2023-10-12T10:55:19.938+05:30 DEBUG 8335 --- [http-nio-8080-exec-3] o.s.security.web.FilterChainProxy        : Securing GET /api/v1/user/loan/getloans
2023-10-12T10:55:19.945+05:30 DEBUG 8335 --- [http-nio-8080-exec-3] o.s.security.web.FilterChainProxy        : Secured GET /api/v1/user/loan/getloans
2023-10-12T11:05:28.874+05:30 DEBUG 8335 --- [http-nio-8080-exec-5] o.s.security.web.FilterChainProxy        : Securing OPTIONS /api/v1/user/loan/getloans
2023-10-12T11:05:28.876+05:30 DEBUG 8335 --- [http-nio-8080-exec-6] o.s.security.web.FilterChainProxy        : Securing GET /api/v1/user/loan/getloans
2023-10-12T11:05:28.880+05:30 DEBUG 8335 --- [http-nio-8080-exec-6] o.s.security.web.FilterChainProxy        : Secured GET /api/v1/user/loan/getloans
2023-10-12T11:06:12.980+05:30 DEBUG 8335 --- [http-nio-8080-exec-7] o.s.security.web.FilterChainProxy        : Securing OPTIONS /api/v1/user/loan/getloans
2023-10-12T11:06:12.983+05:30 DEBUG 8335 --- [http-nio-8080-exec-8] o.s.security.web.FilterChainProxy        : Securing GET /api/v1/user/loan/getloans
2023-10-12T11:06:12.989+05:30 DEBUG 8335 --- [http-nio-8080-exec-8] o.s.security.web.FilterChainProxy        : Secured GET /api/v1/user/loan/getloans
2023-10-12T11:06:18.637+05:30 DEBUG 8335 --- [http-nio-8080-exec-10] o.s.security.web.FilterChainProxy        : Securing OPTIONS /api/v1/user/loan/getloans
2023-10-12T11:06:18.643+05:30 DEBUG 8335 --- [http-nio-8080-exec-9] o.s.security.web.FilterChainProxy        : Securing GET /api/v1/user/loan/getloans
2023-10-12T11:06:18.652+05:30 DEBUG 8335 --- [http-nio-8080-exec-9] o.s.security.web.FilterChainProxy        : Secured GET /api/v1/user/loan/getloans
2023-10-12T11:06:26.939+05:30 DEBUG 8335 --- [http-nio-8080-exec-1] o.s.security.web.FilterChainProxy        : Securing OPTIONS /api/v1/user/loan/getloans
2023-10-12T11:06:26.945+05:30 DEBUG 8335 --- [http-nio-8080-exec-2] o.s.security.web.FilterChainProxy        : Securing GET /api/v1/user/loan/getloans
2023-10-12T11:06:26.957+05:30 DEBUG 8335 --- [http-nio-8080-exec-2] o.s.security.web.FilterChainProxy        : Secured GET /api/v1/user/loan/getloans
2023-10-12T11:06:44.799+05:30 DEBUG 8335 --- [http-nio-8080-exec-3] o.s.security.web.FilterChainProxy        : Securing OPTIONS /api/v1/user/loan/getloans
2023-10-12T11:06:44.803+05:30 DEBUG 8335 --- [http-nio-8080-exec-4] o.s.security.web.FilterChainProxy        : Securing GET /api/v1/user/loan/getloans
2023-10-12T11:06:44.812+05:30 DEBUG 8335 --- [http-nio-8080-exec-4] o.s.security.web.FilterChainProxy        : Secured GET /api/v1/user/loan/getloans
2023-10-12T11:09:27.455+05:30 DEBUG 8335 --- [http-nio-8080-exec-6] o.s.security.web.FilterChainProxy        : Securing OPTIONS /api/v1/user/loan/getloans
2023-10-12T11:09:27.462+05:30 DEBUG 8335 --- [http-nio-8080-exec-7] o.s.security.web.FilterChainProxy        : Securing GET /api/v1/user/loan/getloans
2023-10-12T11:09:27.472+05:30 DEBUG 8335 --- [http-nio-8080-exec-7] o.s.security.web.FilterChainProxy        : Secured GET /api/v1/user/loan/getloans
2023-10-12T11:09:28.655+05:30 DEBUG 8335 --- [http-nio-8080-exec-8] o.s.security.web.FilterChainProxy        : Securing GET /api/v1/user/loan/getloans
2023-10-12T11:09:28.669+05:30 DEBUG 8335 --- [http-nio-8080-exec-8] o.s.security.web.FilterChainProxy        : Secured GET /api/v1/user/loan/getloans
2023-10-12T11:09:35.827+05:30 DEBUG 8335 --- [http-nio-8080-exec-10] o.s.security.web.FilterChainProxy        : Securing OPTIONS /api/v1/user/loan/getloans
2023-10-12T11:09:35.830+05:30 DEBUG 8335 --- [http-nio-8080-exec-9] o.s.security.web.FilterChainProxy        : Securing GET /api/v1/user/loan/getloans
2023-10-12T11:09:35.838+05:30 DEBUG 8335 --- [http-nio-8080-exec-9] o.s.security.web.FilterChainProxy        : Secured GET /api/v1/user/loan/getloans
2023-10-12T11:11:51.960+05:30 DEBUG 8335 --- [http-nio-8080-exec-2] o.s.security.web.FilterChainProxy        : Securing OPTIONS /api/v1/user/loan/getloans
2023-10-12T11:11:51.965+05:30 DEBUG 8335 --- [http-nio-8080-exec-3] o.s.security.web.FilterChainProxy        : Securing GET /api/v1/user/loan/getloans
2023-10-12T11:11:51.975+05:30 DEBUG 8335 --- [http-nio-8080-exec-3] o.s.security.web.FilterChainProxy        : Secured GET /api/v1/user/loan/getloans
2023-10-12T11:15:29.517+05:30 DEBUG 8335 --- [http-nio-8080-exec-5] o.s.security.web.FilterChainProxy        : Securing OPTIONS /api/v1/user/loan/getloans
2023-10-12T11:15:29.520+05:30 DEBUG 8335 --- [http-nio-8080-exec-6] o.s.security.web.FilterChainProxy        : Securing GET /api/v1/user/loan/getloans
2023-10-12T11:15:29.525+05:30 DEBUG 8335 --- [http-nio-8080-exec-6] o.s.security.web.FilterChainProxy        : Secured GET /api/v1/user/loan/getloans
2023-10-12T11:22:31.364+05:30  INFO 8335 --- [File Watcher] rtingClassPathChangeChangedEventListener : Restarting due to 2 class path changes (0 additions, 0 deletions, 2 modifications)
2023-10-12T11:22:31.379+05:30  INFO 8335 --- [Thread-5] o.apache.catalina.core.StandardService   : Stopping service [Tomcat]
2023-10-12T11:22:31.385+05:30  INFO 8335 --- [Thread-5] o.a.c.c.C.[Tomcat].[localhost].[/]       : Destroying Spring FrameworkServlet 'dispatcherServlet'
2023-10-12T11:22:31.390+05:30  WARN 8335 --- [Thread-5] o.a.c.loader.WebappClassLoaderBase       : The web application [ROOT] appears to have started a thread named [HikariPool-1 housekeeper] but has failed to stop it. This is very likely to create a memory leak. Stack trace of thread:
 java.base@17.0.7/jdk.internal.misc.Unsafe.park(Native Method)
 java.base@17.0.7/java.util.concurrent.locks.LockSupport.parkNanos(LockSupport.java:252)
 java.base@17.0.7/java.util.concurrent.locks.AbstractQueuedSynchronizer$ConditionObject.awaitNanos(AbstractQueuedSynchronizer.java:1672)
 java.base@17.0.7/java.util.concurrent.ScheduledThreadPoolExecutor$DelayedWorkQueue.take(ScheduledThreadPoolExecutor.java:1182)
 java.base@17.0.7/java.util.concurrent.ScheduledThreadPoolExecutor$DelayedWorkQueue.take(ScheduledThreadPoolExecutor.java:899)
 java.base@17.0.7/java.util.concurrent.ThreadPoolExecutor.getTask(ThreadPoolExecutor.java:1062)
 java.base@17.0.7/java.util.concurrent.ThreadPoolExecutor.runWorker(ThreadPoolExecutor.java:1122)
 java.base@17.0.7/java.util.concurrent.ThreadPoolExecutor$Worker.run(ThreadPoolExecutor.java:635)
 java.base@17.0.7/java.lang.Thread.run(Thread.java:833)
2023-10-12T11:22:31.395+05:30  INFO 8335 --- [Thread-5] j.LocalContainerEntityManagerFactoryBean : Closing JPA EntityManagerFactory for persistence unit 'default'
2023-10-12T11:22:31.398+05:30  INFO 8335 --- [Thread-5] com.zaxxer.hikari.HikariDataSource       : HikariPool-1 - Shutdown initiated...
2023-10-12T11:22:31.405+05:30  INFO 8335 --- [Thread-5] com.zaxxer.hikari.HikariDataSource       : HikariPool-1 - Shutdown completed.
2023-10-12T11:22:31.484+05:30  INFO 8335 --- [restartedMain] com.flashfunds.FlashfundsApplication     : Starting FlashfundsApplication using Java 17.0.7 with PID 8335 (/home/ghost/Documents/workspace-spring-tool-suite-4-4.19.1.RELEASE/flashfunds/target/classes started by ghost in /home/ghost/Documents/workspace-spring-tool-suite-4-4.19.1.RELEASE/flashfunds)
2023-10-12T11:22:31.485+05:30  INFO 8335 --- [restartedMain] com.flashfunds.FlashfundsApplication     : No active profile set, falling back to 1 default profile: "default"
2023-10-12T11:22:31.583+05:30  INFO 8335 --- [restartedMain] .s.d.r.c.RepositoryConfigurationDelegate : Bootstrapping Spring Data JPA repositories in DEFAULT mode.
2023-10-12T11:22:31.589+05:30  INFO 8335 --- [restartedMain] .s.d.r.c.RepositoryConfigurationDelegate : Finished Spring Data repository scanning in 5 ms. Found 3 JPA repository interfaces.
2023-10-12T11:22:31.643+05:30  INFO 8335 --- [restartedMain] o.s.b.w.embedded.tomcat.TomcatWebServer  : Tomcat initialized with port(s): 8080 (http)
2023-10-12T11:22:31.643+05:30  INFO 8335 --- [restartedMain] o.apache.catalina.core.StandardService   : Starting service [Tomcat]
2023-10-12T11:22:31.644+05:30  INFO 8335 --- [restartedMain] o.apache.catalina.core.StandardEngine    : Starting Servlet engine: [Apache Tomcat/10.1.13]
2023-10-12T11:22:31.647+05:30  INFO 8335 --- [restartedMain] o.a.c.c.C.[Tomcat].[localhost].[/]       : Initializing Spring embedded WebApplicationContext
2023-10-12T11:22:31.647+05:30  INFO 8335 --- [restartedMain] w.s.c.ServletWebServerApplicationContext : Root WebApplicationContext: initialization completed in 158 ms
2023-10-12T11:22:31.670+05:30  INFO 8335 --- [restartedMain] o.hibernate.jpa.internal.util.LogHelper  : HHH000204: Processing PersistenceUnitInfo [name: default]
2023-10-12T11:22:31.672+05:30  INFO 8335 --- [restartedMain] o.h.b.i.BytecodeProviderInitiator        : HHH000021: Bytecode provider name : bytebuddy
2023-10-12T11:22:31.672+05:30  INFO 8335 --- [restartedMain] o.s.o.j.p.SpringPersistenceUnitInfo      : No LoadTimeWeaver setup: ignoring JPA class transformer
2023-10-12T11:22:31.675+05:30  INFO 8335 --- [restartedMain] com.zaxxer.hikari.HikariDataSource       : HikariPool-2 - Starting...
2023-10-12T11:22:31.686+05:30  INFO 8335 --- [restartedMain] com.zaxxer.hikari.pool.HikariPool        : HikariPool-2 - Added connection com.mysql.cj.jdbc.ConnectionImpl@6f86dc38
2023-10-12T11:22:31.687+05:30  INFO 8335 --- [restartedMain] com.zaxxer.hikari.HikariDataSource       : HikariPool-2 - Start completed.
2023-10-12T11:22:31.688+05:30  WARN 8335 --- [restartedMain] org.hibernate.orm.deprecation            : HHH90000026: MySQL8Dialect has been deprecated; use org.hibernate.dialect.MySQLDialect instead
2023-10-12T11:22:31.700+05:30  INFO 8335 --- [restartedMain] o.h.b.i.BytecodeProviderInitiator        : HHH000021: Bytecode provider name : bytebuddy
2023-10-12T11:22:31.728+05:30  INFO 8335 --- [restartedMain] o.h.e.t.j.p.i.JtaPlatformInitiator       : HHH000490: Using JtaPlatform implementation: [org.hibernate.engine.transaction.jta.platform.internal.NoJtaPlatform]
2023-10-12T11:22:31.760+05:30  INFO 8335 --- [restartedMain] j.LocalContainerEntityManagerFactoryBean : Initialized JPA EntityManagerFactory for persistence unit 'default'
2023-10-12T11:22:31.958+05:30  WARN 8335 --- [restartedMain] JpaBaseConfiguration$JpaWebConfiguration : spring.jpa.open-in-view is enabled by default. Therefore, database queries may be performed during view rendering. Explicitly configure spring.jpa.open-in-view to disable this warning
2023-10-12T11:22:32.114+05:30  INFO 8335 --- [restartedMain] o.s.s.web.DefaultSecurityFilterChain     : Will secure any request with [org.springframework.security.web.session.DisableEncodeUrlFilter@79466c44, org.springframework.security.web.context.request.async.WebAsyncManagerIntegrationFilter@597566d4, org.springframework.security.web.context.SecurityContextHolderFilter@6c85e10d, org.springframework.security.web.header.HeaderWriterFilter@105e1dd9, org.springframework.web.filter.CorsFilter@6a22239, org.springframework.security.web.authentication.logout.LogoutFilter@8cef367, com.flashfunds.config.JwtAuthenticationFilter@568cb36d, org.springframework.security.web.savedrequest.RequestCacheAwareFilter@3116aa1c, org.springframework.security.web.servletapi.SecurityContextHolderAwareRequestFilter@5146c932, org.springframework.security.web.authentication.AnonymousAuthenticationFilter@725d3bd1, org.springframework.security.web.session.SessionManagementFilter@744d4aec, org.springframework.security.web.access.ExceptionTranslationFilter@bcad099, org.springframework.security.web.access.intercept.AuthorizationFilter@239af23e]
2023-10-12T11:22:32.163+05:30  INFO 8335 --- [restartedMain] o.s.b.d.a.OptionalLiveReloadServer       : LiveReload server is running on port 35729
2023-10-12T11:22:32.169+05:30  INFO 8335 --- [restartedMain] o.s.b.w.embedded.tomcat.TomcatWebServer  : Tomcat started on port(s): 8080 (http) with context path ''
2023-10-12T11:22:32.172+05:30  INFO 8335 --- [restartedMain] com.flashfunds.FlashfundsApplication     : Started FlashfundsApplication in 0.704 seconds (process running for 7264.923)
2023-10-12T11:22:32.173+05:30  INFO 8335 --- [restartedMain] .ConditionEvaluationDeltaLoggingListener : Condition evaluation unchanged
2023-10-12T12:29:45.670+05:30  INFO 8335 --- [http-nio-8080-exec-1] o.a.c.c.C.[Tomcat].[localhost].[/]       : Initializing Spring DispatcherServlet 'dispatcherServlet'
2023-10-12T12:29:45.670+05:30  INFO 8335 --- [http-nio-8080-exec-1] o.s.web.servlet.DispatcherServlet        : Initializing Servlet 'dispatcherServlet'
2023-10-12T12:29:45.671+05:30  INFO 8335 --- [http-nio-8080-exec-1] o.s.web.servlet.DispatcherServlet        : Completed initialization in 1 ms
2023-10-12T12:29:45.671+05:30 DEBUG 8335 --- [http-nio-8080-exec-1] o.s.security.web.FilterChainProxy        : Securing OPTIONS /api/v1/auth/login
2023-10-12T12:29:45.675+05:30 DEBUG 8335 --- [http-nio-8080-exec-2] o.s.security.web.FilterChainProxy        : Securing POST /api/v1/auth/login
2023-10-12T12:29:45.675+05:30 DEBUG 8335 --- [http-nio-8080-exec-2] o.s.s.w.a.AnonymousAuthenticationFilter  : Set SecurityContextHolder to anonymous SecurityContext
2023-10-12T12:29:45.676+05:30 DEBUG 8335 --- [http-nio-8080-exec-2] o.s.security.web.FilterChainProxy        : Secured POST /api/v1/auth/login
2023-10-12T12:29:45.891+05:30 DEBUG 8335 --- [http-nio-8080-exec-2] o.s.s.a.dao.DaoAuthenticationProvider    : Authenticated user
2023-10-12T12:33:39.304+05:30 DEBUG 8335 --- [http-nio-8080-exec-4] o.s.security.web.FilterChainProxy        : Securing OPTIONS /api/v1/user/loan/postloan
2023-10-12T12:33:39.308+05:30 DEBUG 8335 --- [http-nio-8080-exec-5] o.s.security.web.FilterChainProxy        : Securing POST /api/v1/user/loan/postloan
2023-10-12T12:33:39.344+05:30 DEBUG 8335 --- [http-nio-8080-exec-5] o.s.security.web.FilterChainProxy        : Secured POST /api/v1/user/loan/postloan
2023-10-12T12:42:45.658+05:30 DEBUG 8335 --- [http-nio-8080-exec-7] o.s.security.web.FilterChainProxy        : Securing OPTIONS /api/v1/user/loan/getloans
2023-10-12T12:42:45.664+05:30 DEBUG 8335 --- [http-nio-8080-exec-8] o.s.security.web.FilterChainProxy        : Securing GET /api/v1/user/loan/getloans
2023-10-12T12:42:45.671+05:30 DEBUG 8335 --- [http-nio-8080-exec-8] o.s.security.web.FilterChainProxy        : Secured GET /api/v1/user/loan/getloans
2023-10-12T12:43:35.075+05:30 DEBUG 8335 --- [http-nio-8080-exec-9] o.s.security.web.FilterChainProxy        : Securing OPTIONS /api/v1/user/loan/getloans
2023-10-12T12:43:35.079+05:30 DEBUG 8335 --- [http-nio-8080-exec-10] o.s.security.web.FilterChainProxy        : Securing GET /api/v1/user/loan/getloans
2023-10-12T12:43:35.087+05:30 DEBUG 8335 --- [http-nio-8080-exec-10] o.s.security.web.FilterChainProxy        : Secured GET /api/v1/user/loan/getloans
2023-10-12T12:46:04.895+05:30 DEBUG 8335 --- [http-nio-8080-exec-2] o.s.security.web.FilterChainProxy        : Securing OPTIONS /api/v1/user/loan/getloans
2023-10-12T12:46:04.898+05:30 DEBUG 8335 --- [http-nio-8080-exec-3] o.s.security.web.FilterChainProxy        : Securing GET /api/v1/user/loan/getloans
2023-10-12T12:46:04.904+05:30 DEBUG 8335 --- [http-nio-8080-exec-3] o.s.security.web.FilterChainProxy        : Secured GET /api/v1/user/loan/getloans
2023-10-12T12:46:14.899+05:30 DEBUG 8335 --- [http-nio-8080-exec-4] o.s.security.web.FilterChainProxy        : Securing OPTIONS /api/v1/user/loan/getloans
2023-10-12T12:46:14.902+05:30 DEBUG 8335 --- [http-nio-8080-exec-5] o.s.security.web.FilterChainProxy        : Securing GET /api/v1/user/loan/getloans
2023-10-12T12:46:14.909+05:30 DEBUG 8335 --- [http-nio-8080-exec-5] o.s.security.web.FilterChainProxy        : Secured GET /api/v1/user/loan/getloans
2023-10-12T12:46:31.848+05:30 DEBUG 8335 --- [http-nio-8080-exec-6] o.s.security.web.FilterChainProxy        : Securing OPTIONS /api/v1/user/loan/getloans
2023-10-12T12:46:31.851+05:30 DEBUG 8335 --- [http-nio-8080-exec-7] o.s.security.web.FilterChainProxy        : Securing GET /api/v1/user/loan/getloans
2023-10-12T12:46:31.856+05:30 DEBUG 8335 --- [http-nio-8080-exec-7] o.s.security.web.FilterChainProxy        : Secured GET /api/v1/user/loan/getloans
2023-10-12T12:47:14.828+05:30 DEBUG 8335 --- [http-nio-8080-exec-8] o.s.security.web.FilterChainProxy        : Securing OPTIONS /api/v1/user/loan/getloans
2023-10-12T12:47:14.832+05:30 DEBUG 8335 --- [http-nio-8080-exec-9] o.s.security.web.FilterChainProxy        : Securing GET /api/v1/user/loan/getloans
2023-10-12T12:47:14.839+05:30 DEBUG 8335 --- [http-nio-8080-exec-9] o.s.security.web.FilterChainProxy        : Secured GET /api/v1/user/loan/getloans
2023-10-12T12:48:42.136+05:30 DEBUG 8335 --- [http-nio-8080-exec-1] o.s.security.web.FilterChainProxy        : Securing OPTIONS /api/v1/user/loan/getloans
2023-10-12T12:48:42.142+05:30 DEBUG 8335 --- [http-nio-8080-exec-2] o.s.security.web.FilterChainProxy        : Securing GET /api/v1/user/loan/getloans
2023-10-12T12:48:42.154+05:30 DEBUG 8335 --- [http-nio-8080-exec-2] o.s.security.web.FilterChainProxy        : Secured GET /api/v1/user/loan/getloans
2023-10-12T12:49:01.053+05:30 DEBUG 8335 --- [http-nio-8080-exec-3] o.s.security.web.FilterChainProxy        : Securing OPTIONS /api/v1/user/loan/getloans
2023-10-12T12:49:01.058+05:30 DEBUG 8335 --- [http-nio-8080-exec-4] o.s.security.web.FilterChainProxy        : Securing GET /api/v1/user/loan/getloans
2023-10-12T12:49:01.068+05:30 DEBUG 8335 --- [http-nio-8080-exec-4] o.s.security.web.FilterChainProxy        : Secured GET /api/v1/user/loan/getloans
2023-10-12T12:49:38.410+05:30 DEBUG 8335 --- [http-nio-8080-exec-5] o.s.security.web.FilterChainProxy        : Securing OPTIONS /api/v1/user/loan/getloans
2023-10-12T12:49:38.413+05:30 DEBUG 8335 --- [http-nio-8080-exec-6] o.s.security.web.FilterChainProxy        : Securing GET /api/v1/user/loan/getloans
2023-10-12T12:49:38.417+05:30 DEBUG 8335 --- [http-nio-8080-exec-6] o.s.security.web.FilterChainProxy        : Secured GET /api/v1/user/loan/getloans
2023-10-12T12:49:51.121+05:30 DEBUG 8335 --- [http-nio-8080-exec-7] o.s.security.web.FilterChainProxy        : Securing OPTIONS /api/v1/user/loan/getloans
2023-10-12T12:49:51.124+05:30 DEBUG 8335 --- [http-nio-8080-exec-8] o.s.security.web.FilterChainProxy        : Securing GET /api/v1/user/loan/getloans
2023-10-12T12:49:51.131+05:30 DEBUG 8335 --- [http-nio-8080-exec-8] o.s.security.web.FilterChainProxy        : Secured GET /api/v1/user/loan/getloans
2023-10-12T12:49:52.719+05:30 DEBUG 8335 --- [http-nio-8080-exec-9] o.s.security.web.FilterChainProxy        : Securing GET /api/v1/user/loan/getloans
2023-10-12T12:49:52.732+05:30 DEBUG 8335 --- [http-nio-8080-exec-9] o.s.security.web.FilterChainProxy        : Secured GET /api/v1/user/loan/getloans
2023-10-12T12:50:00.656+05:30 DEBUG 8335 --- [http-nio-8080-exec-10] o.s.security.web.FilterChainProxy        : Securing OPTIONS /api/v1/user/loan/getloans
2023-10-12T12:50:00.661+05:30 DEBUG 8335 --- [http-nio-8080-exec-1] o.s.security.web.FilterChainProxy        : Securing GET /api/v1/user/loan/getloans
2023-10-12T12:50:00.670+05:30 DEBUG 8335 --- [http-nio-8080-exec-1] o.s.security.web.FilterChainProxy        : Secured GET /api/v1/user/loan/getloans
2023-10-12T12:50:04.434+05:30 DEBUG 8335 --- [http-nio-8080-exec-2] o.s.security.web.FilterChainProxy        : Securing GET /api/v1/user/loan/getloans
2023-10-12T12:50:04.438+05:30 DEBUG 8335 --- [http-nio-8080-exec-2] o.s.security.web.FilterChainProxy        : Secured GET /api/v1/user/loan/getloans
2023-10-12T12:50:19.062+05:30 DEBUG 8335 --- [http-nio-8080-exec-3] o.s.security.web.FilterChainProxy        : Securing OPTIONS /api/v1/auth/login
2023-10-12T12:50:19.066+05:30 DEBUG 8335 --- [http-nio-8080-exec-4] o.s.security.web.FilterChainProxy        : Securing POST /api/v1/auth/login
2023-10-12T12:50:19.067+05:30 DEBUG 8335 --- [http-nio-8080-exec-4] o.s.s.w.a.AnonymousAuthenticationFilter  : Set SecurityContextHolder to anonymous SecurityContext
2023-10-12T12:50:19.067+05:30 DEBUG 8335 --- [http-nio-8080-exec-4] o.s.security.web.FilterChainProxy        : Secured POST /api/v1/auth/login
2023-10-12T12:50:19.217+05:30 DEBUG 8335 --- [http-nio-8080-exec-4] o.s.s.a.dao.DaoAuthenticationProvider    : Authenticated user
2023-10-12T12:51:59.543+05:30 DEBUG 8335 --- [http-nio-8080-exec-6] o.s.security.web.FilterChainProxy        : Securing OPTIONS /api/v1/user/loan/postloan
2023-10-12T12:51:59.546+05:30 DEBUG 8335 --- [http-nio-8080-exec-7] o.s.security.web.FilterChainProxy        : Securing POST /api/v1/user/loan/postloan
2023-10-12T12:51:59.554+05:30 DEBUG 8335 --- [http-nio-8080-exec-7] o.s.security.web.FilterChainProxy        : Secured POST /api/v1/user/loan/postloan
2023-10-12T12:52:58.521+05:30 DEBUG 8335 --- [http-nio-8080-exec-8] o.s.security.web.FilterChainProxy        : Securing OPTIONS /api/v1/user/loan/getloans
2023-10-12T12:52:58.523+05:30 DEBUG 8335 --- [http-nio-8080-exec-9] o.s.security.web.FilterChainProxy        : Securing GET /api/v1/user/loan/getloans
2023-10-12T12:52:58.527+05:30 DEBUG 8335 --- [http-nio-8080-exec-9] o.s.security.web.FilterChainProxy        : Secured GET /api/v1/user/loan/getloans
2023-10-12T13:55:22.700+05:30 DEBUG 8335 --- [http-nio-8080-exec-1] o.s.security.web.FilterChainProxy        : Securing OPTIONS /api/v1/user/loan/getloans
2023-10-12T13:55:22.706+05:30 DEBUG 8335 --- [http-nio-8080-exec-2] o.s.security.web.FilterChainProxy        : Securing GET /api/v1/user/loan/getloans
2023-10-12T13:55:22.716+05:30 DEBUG 8335 --- [http-nio-8080-exec-2] o.s.security.web.FilterChainProxy        : Secured GET /api/v1/user/loan/getloans
2023-10-12T14:02:28.186+05:30 DEBUG 8335 --- [http-nio-8080-exec-4] o.s.security.web.FilterChainProxy        : Securing OPTIONS /api/v1/user/loan/getloans
2023-10-12T14:02:28.188+05:30 DEBUG 8335 --- [http-nio-8080-exec-5] o.s.security.web.FilterChainProxy        : Securing GET /api/v1/user/loan/getloans
2023-10-12T14:02:28.192+05:30 DEBUG 8335 --- [http-nio-8080-exec-5] o.s.security.web.FilterChainProxy        : Secured GET /api/v1/user/loan/getloans
2023-10-12T14:06:36.208+05:30 DEBUG 8335 --- [http-nio-8080-exec-7] o.s.security.web.FilterChainProxy        : Securing OPTIONS /api/v1/user/loan/getloans
2023-10-12T14:06:36.210+05:30 DEBUG 8335 --- [http-nio-8080-exec-8] o.s.security.web.FilterChainProxy        : Securing GET /api/v1/user/loan/getloans
2023-10-12T14:06:36.216+05:30 DEBUG 8335 --- [http-nio-8080-exec-8] o.s.security.web.FilterChainProxy        : Secured GET /api/v1/user/loan/getloans
2023-10-12T14:06:38.165+05:30 DEBUG 8335 --- [http-nio-8080-exec-9] o.s.security.web.FilterChainProxy        : Securing GET /api/v1/user/loan/getloans
2023-10-12T14:06:38.173+05:30 DEBUG 8335 --- [http-nio-8080-exec-9] o.s.security.web.FilterChainProxy        : Secured GET /api/v1/user/loan/getloans
2023-10-12T14:10:46.924+05:30 DEBUG 8335 --- [http-nio-8080-exec-1] o.s.security.web.FilterChainProxy        : Securing OPTIONS /api/v1/user/loan/getloans
2023-10-12T14:10:46.926+05:30 DEBUG 8335 --- [http-nio-8080-exec-2] o.s.security.web.FilterChainProxy        : Securing GET /api/v1/user/loan/getloans
2023-10-12T14:10:46.929+05:30 DEBUG 8335 --- [http-nio-8080-exec-2] o.s.security.web.FilterChainProxy        : Secured GET /api/v1/user/loan/getloans
2023-10-12T14:18:48.510+05:30 DEBUG 8335 --- [http-nio-8080-exec-4] o.s.security.web.FilterChainProxy        : Securing OPTIONS /api/v1/user/loan/getloans
2023-10-12T14:18:48.514+05:30 DEBUG 8335 --- [http-nio-8080-exec-5] o.s.security.web.FilterChainProxy        : Securing GET /api/v1/user/loan/getloans
2023-10-12T14:18:48.522+05:30 DEBUG 8335 --- [http-nio-8080-exec-5] o.s.security.web.FilterChainProxy        : Secured GET /api/v1/user/loan/getloans
2023-10-12T14:20:14.149+05:30 DEBUG 8335 --- [http-nio-8080-exec-7] o.s.security.web.FilterChainProxy        : Securing OPTIONS /api/v1/user/loan/getloans
2023-10-12T14:20:14.152+05:30 DEBUG 8335 --- [http-nio-8080-exec-8] o.s.security.web.FilterChainProxy        : Securing GET /api/v1/user/loan/getloans
2023-10-12T14:20:14.157+05:30 DEBUG 8335 --- [http-nio-8080-exec-8] o.s.security.web.FilterChainProxy        : Secured GET /api/v1/user/loan/getloans
2023-10-12T14:22:43.341+05:30 DEBUG 8335 --- [http-nio-8080-exec-10] o.s.security.web.FilterChainProxy        : Securing OPTIONS /api/v1/user/loan/getloans
2023-10-12T14:22:43.344+05:30 DEBUG 8335 --- [http-nio-8080-exec-1] o.s.security.web.FilterChainProxy        : Securing GET /api/v1/user/loan/getloans
2023-10-12T14:22:43.350+05:30 DEBUG 8335 --- [http-nio-8080-exec-1] o.s.security.web.FilterChainProxy        : Secured GET /api/v1/user/loan/getloans
2023-10-12T14:24:38.881+05:30 DEBUG 8335 --- [http-nio-8080-exec-3] o.s.security.web.FilterChainProxy        : Securing OPTIONS /api/v1/user/loan/getloans
2023-10-12T14:24:38.884+05:30 DEBUG 8335 --- [http-nio-8080-exec-4] o.s.security.web.FilterChainProxy        : Securing GET /api/v1/user/loan/getloans
2023-10-12T14:24:38.888+05:30 DEBUG 8335 --- [http-nio-8080-exec-4] o.s.security.web.FilterChainProxy        : Secured GET /api/v1/user/loan/getloans
2023-10-12T14:28:09.509+05:30 DEBUG 8335 --- [http-nio-8080-exec-6] o.s.security.web.FilterChainProxy        : Securing OPTIONS /api/v1/user/loan/getloans
2023-10-12T14:28:09.511+05:30 DEBUG 8335 --- [http-nio-8080-exec-7] o.s.security.web.FilterChainProxy        : Securing GET /api/v1/user/loan/getloans
2023-10-12T14:28:09.514+05:30 DEBUG 8335 --- [http-nio-8080-exec-7] o.s.security.web.FilterChainProxy        : Secured GET /api/v1/user/loan/getloans
2023-10-12T14:28:49.179+05:30 DEBUG 8335 --- [http-nio-8080-exec-8] o.s.security.web.FilterChainProxy        : Securing OPTIONS /api/v1/auth/login
2023-10-12T14:28:49.183+05:30 DEBUG 8335 --- [http-nio-8080-exec-9] o.s.security.web.FilterChainProxy        : Securing POST /api/v1/auth/login
2023-10-12T14:28:49.183+05:30 DEBUG 8335 --- [http-nio-8080-exec-9] o.s.s.w.a.AnonymousAuthenticationFilter  : Set SecurityContextHolder to anonymous SecurityContext
2023-10-12T14:28:49.184+05:30 DEBUG 8335 --- [http-nio-8080-exec-9] o.s.security.web.FilterChainProxy        : Secured POST /api/v1/auth/login
2023-10-12T14:28:49.348+05:30 DEBUG 8335 --- [http-nio-8080-exec-9] o.s.s.a.dao.DaoAuthenticationProvider    : Authenticated user
2023-10-12T14:31:19.606+05:30 DEBUG 8335 --- [http-nio-8080-exec-1] o.s.security.web.FilterChainProxy        : Securing OPTIONS /api/v1/user/loan/postloan
2023-10-12T14:31:19.609+05:30 DEBUG 8335 --- [http-nio-8080-exec-2] o.s.security.web.FilterChainProxy        : Securing POST /api/v1/user/loan/postloan
2023-10-12T14:31:19.616+05:30 DEBUG 8335 --- [http-nio-8080-exec-2] o.s.security.web.FilterChainProxy        : Secured POST /api/v1/user/loan/postloan
2023-10-12T14:40:50.855+05:30 DEBUG 8335 --- [http-nio-8080-exec-4] o.s.security.web.FilterChainProxy        : Securing OPTIONS /api/v1/user/loan/postloan
2023-10-12T14:40:50.859+05:30 DEBUG 8335 --- [http-nio-8080-exec-5] o.s.security.web.FilterChainProxy        : Securing POST /api/v1/user/loan/postloan
2023-10-12T14:40:50.866+05:30 DEBUG 8335 --- [http-nio-8080-exec-5] o.s.security.web.FilterChainProxy        : Secured POST /api/v1/user/loan/postloan
2023-10-12T14:40:57.050+05:30 DEBUG 8335 --- [http-nio-8080-exec-6] o.s.security.web.FilterChainProxy        : Securing OPTIONS /api/v1/user/loan/getloans
2023-10-12T14:40:57.054+05:30 DEBUG 8335 --- [http-nio-8080-exec-7] o.s.security.web.FilterChainProxy        : Securing GET /api/v1/user/loan/getloans
2023-10-12T14:40:57.058+05:30 DEBUG 8335 --- [http-nio-8080-exec-7] o.s.security.web.FilterChainProxy        : Secured GET /api/v1/user/loan/getloans
2023-10-12T14:42:06.217+05:30 DEBUG 8335 --- [http-nio-8080-exec-9] o.s.security.web.FilterChainProxy        : Securing OPTIONS /api/v1/user/loan/getloans
2023-10-12T14:42:06.222+05:30 DEBUG 8335 --- [http-nio-8080-exec-10] o.s.security.web.FilterChainProxy        : Securing GET /api/v1/user/loan/getloans
2023-10-12T14:42:06.229+05:30 DEBUG 8335 --- [http-nio-8080-exec-10] o.s.security.web.FilterChainProxy        : Secured GET /api/v1/user/loan/getloans
2023-10-12T14:42:23.561+05:30 DEBUG 8335 --- [http-nio-8080-exec-1] o.s.security.web.FilterChainProxy        : Securing OPTIONS /api/v1/user/loan/getloans
2023-10-12T14:42:23.565+05:30 DEBUG 8335 --- [http-nio-8080-exec-2] o.s.security.web.FilterChainProxy        : Securing GET /api/v1/user/loan/getloans
2023-10-12T14:42:23.570+05:30 DEBUG 8335 --- [http-nio-8080-exec-2] o.s.security.web.FilterChainProxy        : Secured GET /api/v1/user/loan/getloans
2023-10-12T14:46:34.054+05:30 DEBUG 8335 --- [http-nio-8080-exec-4] o.s.security.web.FilterChainProxy        : Securing OPTIONS /api/v1/user/loan/getloans
2023-10-12T14:46:34.058+05:30 DEBUG 8335 --- [http-nio-8080-exec-5] o.s.security.web.FilterChainProxy        : Securing GET /api/v1/user/loan/getloans
2023-10-12T14:46:34.065+05:30 DEBUG 8335 --- [http-nio-8080-exec-5] o.s.security.web.FilterChainProxy        : Secured GET /api/v1/user/loan/getloans
2023-10-12T14:47:29.348+05:30 DEBUG 8335 --- [http-nio-8080-exec-6] o.s.security.web.FilterChainProxy        : Securing OPTIONS /api/v1/user/loan/getloans
2023-10-12T14:47:29.352+05:30 DEBUG 8335 --- [http-nio-8080-exec-7] o.s.security.web.FilterChainProxy        : Securing GET /api/v1/user/loan/getloans
2023-10-12T14:47:29.358+05:30 DEBUG 8335 --- [http-nio-8080-exec-7] o.s.security.web.FilterChainProxy        : Secured GET /api/v1/user/loan/getloans
2023-10-12T14:47:34.082+05:30 DEBUG 8335 --- [http-nio-8080-exec-8] o.s.security.web.FilterChainProxy        : Securing GET /api/v1/user/loan/getloans
2023-10-12T14:47:34.087+05:30 DEBUG 8335 --- [http-nio-8080-exec-8] o.s.security.web.FilterChainProxy        : Secured GET /api/v1/user/loan/getloans
2023-10-12T14:48:10.547+05:30 DEBUG 8335 --- [http-nio-8080-exec-9] o.s.security.web.FilterChainProxy        : Securing OPTIONS /api/v1/user/loan/getloans
2023-10-12T14:48:10.550+05:30 DEBUG 8335 --- [http-nio-8080-exec-10] o.s.security.web.FilterChainProxy        : Securing GET /api/v1/user/loan/getloans
2023-10-12T14:48:10.555+05:30 DEBUG 8335 --- [http-nio-8080-exec-10] o.s.security.web.FilterChainProxy        : Secured GET /api/v1/user/loan/getloans
2023-10-12T14:48:13.013+05:30 DEBUG 8335 --- [http-nio-8080-exec-1] o.s.security.web.FilterChainProxy        : Securing GET /api/v1/user/loan/getloans
2023-10-12T14:48:13.022+05:30 DEBUG 8335 --- [http-nio-8080-exec-1] o.s.security.web.FilterChainProxy        : Secured GET /api/v1/user/loan/getloans
2023-10-12T14:48:14.953+05:30 DEBUG 8335 --- [http-nio-8080-exec-2] o.s.security.web.FilterChainProxy        : Securing GET /api/v1/user/loan/getloans
2023-10-12T14:48:14.959+05:30 DEBUG 8335 --- [http-nio-8080-exec-2] o.s.security.web.FilterChainProxy        : Secured GET /api/v1/user/loan/getloans
2023-10-12T14:49:44.098+05:30 DEBUG 8335 --- [http-nio-8080-exec-4] o.s.security.web.FilterChainProxy        : Securing OPTIONS /api/v1/user/loan/getloans
2023-10-12T14:49:44.102+05:30 DEBUG 8335 --- [http-nio-8080-exec-5] o.s.security.web.FilterChainProxy        : Securing GET /api/v1/user/loan/getloans
2023-10-12T14:49:44.112+05:30 DEBUG 8335 --- [http-nio-8080-exec-5] o.s.security.web.FilterChainProxy        : Secured GET /api/v1/user/loan/getloans
2023-10-12T14:49:47.163+05:30 DEBUG 8335 --- [http-nio-8080-exec-6] o.s.security.web.FilterChainProxy        : Securing GET /api/v1/user/loan/getloans
2023-10-12T14:49:47.173+05:30 DEBUG 8335 --- [http-nio-8080-exec-6] o.s.security.web.FilterChainProxy        : Secured GET /api/v1/user/loan/getloans
2023-10-12T14:55:37.928+05:30 DEBUG 8335 --- [http-nio-8080-exec-8] o.s.security.web.FilterChainProxy        : Securing OPTIONS /api/v1/user/loan/getloans
2023-10-12T14:55:37.930+05:30 DEBUG 8335 --- [http-nio-8080-exec-9] o.s.security.web.FilterChainProxy        : Securing GET /api/v1/user/loan/getloans
2023-10-12T14:55:37.934+05:30 DEBUG 8335 --- [http-nio-8080-exec-9] o.s.security.web.FilterChainProxy        : Secured GET /api/v1/user/loan/getloans
2023-10-12T14:59:41.360+05:30 DEBUG 8335 --- [http-nio-8080-exec-1] o.s.security.web.FilterChainProxy        : Securing OPTIONS /api/v1/user/loan/postloan
2023-10-12T14:59:41.364+05:30 DEBUG 8335 --- [http-nio-8080-exec-2] o.s.security.web.FilterChainProxy        : Securing POST /api/v1/user/loan/postloan
2023-10-12T14:59:41.371+05:30 DEBUG 8335 --- [http-nio-8080-exec-2] o.s.security.web.FilterChainProxy        : Secured POST /api/v1/user/loan/postloan
2023-10-12T14:59:47.318+05:30 DEBUG 8335 --- [http-nio-8080-exec-3] o.s.security.web.FilterChainProxy        : Securing OPTIONS /api/v1/user/loan/getloans
2023-10-12T14:59:47.321+05:30 DEBUG 8335 --- [http-nio-8080-exec-4] o.s.security.web.FilterChainProxy        : Securing GET /api/v1/user/loan/getloans
2023-10-12T14:59:47.325+05:30 DEBUG 8335 --- [http-nio-8080-exec-4] o.s.security.web.FilterChainProxy        : Secured GET /api/v1/user/loan/getloans
2023-10-12T15:01:14.848+05:30 DEBUG 8335 --- [http-nio-8080-exec-6] o.s.security.web.FilterChainProxy        : Securing OPTIONS /api/v1/user/loan/getloans
2023-10-12T15:01:14.852+05:30 DEBUG 8335 --- [http-nio-8080-exec-7] o.s.security.web.FilterChainProxy        : Securing GET /api/v1/user/loan/getloans
2023-10-12T15:01:14.858+05:30 DEBUG 8335 --- [http-nio-8080-exec-7] o.s.security.web.FilterChainProxy        : Secured GET /api/v1/user/loan/getloans
2023-10-12T15:01:20.597+05:30 DEBUG 8335 --- [http-nio-8080-exec-8] o.s.security.web.FilterChainProxy        : Securing OPTIONS /api/v1/user/loan/getloans
2023-10-12T15:01:20.601+05:30 DEBUG 8335 --- [http-nio-8080-exec-9] o.s.security.web.FilterChainProxy        : Securing GET /api/v1/user/loan/getloans
2023-10-12T15:01:20.608+05:30 DEBUG 8335 --- [http-nio-8080-exec-9] o.s.security.web.FilterChainProxy        : Secured GET /api/v1/user/loan/getloans
